20260311 23:51:59- INFO- 开始执行数据更新任务
20260311 23:52:01- INFO- 已获取 20260227 的股票数据
20260311 23:52:01- INFO- 已获取 20260226 的股票数据
20260311 23:52:01- INFO- 已获取 20260224 的股票数据
20260311 23:52:01- INFO- 已获取 20260225 的股票数据
20260311 23:52:01- INFO- 已获取 20260302 的股票数据
20260311 23:52:04- INFO- 已获取 20260303 的股票数据
20260311 23:52:04- INFO- 已获取 20260304 的股票数据
20260311 23:52:04- INFO- 已获取 20260305 的股票数据
20260311 23:52:04- INFO- 已获取 20260309 的股票数据
20260311 23:52:04- INFO- 已获取 20260306 的股票数据
20260311 23:52:06- INFO- 已获取 20260310 的股票数据
20260311 23:52:06- INFO- 已获取 20260311 的股票数据
20260311 23:52:09- INFO- 未能获取交易日历数据
20260311 23:52:09- INFO- 未能获取交易日历数据
20260311 23:52:09- INFO- 将5193只股票分成52多线程批处理
20260311 23:52:30- INFO- SZSE.002859 无分钟数据，跳过
20260311 23:52:54- INFO- SZSE.002231 无分钟数据，跳过
20260311 23:53:55- INFO- SZSE.300344 无分钟数据，跳过
20260311 23:57:16- INFO- SZSE.300391 无分钟数据，跳过
20260311 23:58:13- INFO- SZSE.301682 无分钟数据，跳过
20260311 23:58:47- INFO- SHSE.603056 无分钟数据，跳过
20260311 23:59:10- INFO- SHSE.600735 无分钟数据，跳过
20260311 23:59:21- INFO- SHSE.601555 无分钟数据，跳过
20260312 00:03:19- INFO- SHSE.688781 无分钟数据，跳过
20260312 00:03:20- INFO- 所有批次处理完成，共合并93311条记录
20260312 00:05:40- INFO- 已获取 20260225 的股票数据
20260312 00:05:40- INFO- 已获取 20260302 的股票数据
20260312 00:05:40- INFO- 已获取 20260226 的股票数据
20260312 00:05:40- INFO- 已获取 20260224 的股票数据
20260312 00:05:40- INFO- 已获取 20260227 的股票数据
20260312 00:05:43- INFO- 已获取 20260303 的股票数据
20260312 00:05:43- INFO- 已获取 20260304 的股票数据
20260312 00:05:43- INFO- 已获取 20260309 的股票数据
20260312 00:05:43- INFO- 已获取 20260305 的股票数据
20260312 00:05:43- INFO- 已获取 20260306 的股票数据
20260312 00:05:45- INFO- 20260312 无备份日线数据，跳过
20260312 00:05:45- ERROR- 操作失败 (尝试 1/3): 20260312 无备份日线数据
20260312 00:05:45- INFO- 将在 1 秒后重试...
20260312 00:05:46- INFO- 已获取 20260310 的股票数据
20260312 00:05:46- INFO- 已获取 20260311 的股票数据
20260312 00:05:46- INFO- 20260312 无备份日线数据，跳过
20260312 00:05:46- ERROR- 操作失败 (尝试 2/3): 20260312 无备份日线数据
20260312 00:05:46- INFO- 将在 1 秒后重试...
20260312 00:05:47- INFO- 20260312 无备份日线数据，跳过
20260312 00:05:47- ERROR- 操作失败 (尝试 3/3): 20260312 无备份日线数据
20260312 00:05:47- ERROR- 达到最大重试次数 3，操作最终失败
20260312 00:05:47- INFO- 获取 20260312 数据时出错: local variable 'e' referenced before assignment
20260312 00:05:48- INFO- 20260312 无复权因子数据，跳过
20260312 00:05:48- ERROR- 操作失败 (尝试 1/3): 20260312 无复权因子数据
20260312 00:05:48- INFO- 将在 1 秒后重试...
20260312 00:05:49- INFO- 20260312 无复权因子数据，跳过
20260312 00:05:49- ERROR- 操作失败 (尝试 2/3): 20260312 无复权因子数据
20260312 00:05:49- INFO- 将在 1 秒后重试...
20260312 00:05:51- INFO- 20260312 无复权因子数据，跳过
20260312 00:05:51- ERROR- 操作失败 (尝试 3/3): 20260312 无复权因子数据
20260312 00:05:51- ERROR- 达到最大重试次数 3，操作最终失败
20260312 00:05:51- INFO- 获取 20260312 复权因子数据时出错: local variable 'e' referenced before assignment
20260312 00:05:51- INFO- 所有交易日均未返回有效复权因子数据
20260312 00:05:51- INFO- 20260312 无每日基础指标数据，跳过
20260312 00:05:51- ERROR- 操作失败 (尝试 1/3): 20260312 无每日基础指标数据
20260312 00:05:51- INFO- 将在 1 秒后重试...
20260312 00:05:52- INFO- 20260312 无每日基础指标数据，跳过
20260312 00:05:52- ERROR- 操作失败 (尝试 2/3): 20260312 无每日基础指标数据
20260312 00:05:52- INFO- 将在 1 秒后重试...
20260312 00:05:53- INFO- 20260312 无每日基础指标数据，跳过
20260312 00:05:53- ERROR- 操作失败 (尝试 3/3): 20260312 无每日基础指标数据
20260312 00:05:53- ERROR- 达到最大重试次数 3，操作最终失败
20260312 00:05:53- INFO- 获取 20260312 每日基础指标数据时出错: local variable 'e' referenced before assignment
20260312 00:05:53- INFO- 所有交易日均未返回有效每日基础指标数据
