20260227 18:36:08- INFO- 已获取 20251211 的股票数据
20260227 18:36:08- INFO- 已获取 20251215 的股票数据
20260227 18:36:09- INFO- 已获取 20251216 的股票数据
20260227 18:36:09- INFO- 已获取 20251212 的股票数据
20260227 18:36:09- INFO- 已获取 20251210 的股票数据
20260227 18:36:11- INFO- 已获取 20251217 的股票数据
20260227 18:36:12- INFO- 已获取 20251218 的股票数据
20260227 18:36:12- INFO- 已获取 20251219 的股票数据
20260227 18:36:12- INFO- 已获取 20251223 的股票数据
20260227 18:36:12- INFO- 已获取 20251222 的股票数据
20260227 18:36:14- INFO- 已获取 20251224 的股票数据
20260227 18:36:15- INFO- 已获取 20251226 的股票数据
20260227 18:36:15- INFO- 已获取 20251225 的股票数据
20260227 18:36:15- INFO- 已获取 20251229 的股票数据
20260227 18:36:15- INFO- 已获取 20251230 的股票数据
20260227 18:36:17- INFO- 已获取 20251231 的股票数据
20260227 18:36:18- INFO- 已获取 20260107 的股票数据
20260227 18:36:18- INFO- 已获取 20260105 的股票数据
20260227 18:36:18- INFO- 已获取 20260106 的股票数据
20260227 18:36:18- INFO- 已获取 20260108 的股票数据
20260227 18:36:20- INFO- 已获取 20260109 的股票数据
20260227 18:36:21- INFO- 已获取 20260112 的股票数据
20260227 18:36:21- INFO- 已获取 20260113 的股票数据
20260227 18:36:21- INFO- 已获取 20260114 的股票数据
20260227 18:36:21- INFO- 已获取 20260115 的股票数据
20260227 18:36:24- INFO- 已获取 20260116 的股票数据
20260227 18:36:24- INFO- 已获取 20260120 的股票数据
20260227 18:36:24- INFO- 已获取 20260122 的股票数据
20260227 18:36:24- INFO- 已获取 20260121 的股票数据
20260227 18:36:24- INFO- 已获取 20260119 的股票数据
20260227 18:36:27- INFO- 已获取 20260123 的股票数据
20260227 18:36:27- INFO- 已获取 20260126 的股票数据
20260227 18:36:27- INFO- 已获取 20260127 的股票数据
20260227 18:36:27- INFO- 已获取 20260128 的股票数据
20260227 18:36:27- INFO- 已获取 20260129 的股票数据
20260227 18:36:30- INFO- 已获取 20260130 的股票数据
20260227 18:36:30- INFO- 已获取 20260202 的股票数据
20260227 18:36:30- INFO- 已获取 20260204 的股票数据
20260227 18:36:30- INFO- 已获取 20260205 的股票数据
20260227 18:36:30- INFO- 已获取 20260203 的股票数据
20260227 18:36:33- INFO- 已获取 20260206 的股票数据
20260227 18:36:33- INFO- 已获取 20260209 的股票数据
20260227 18:36:33- INFO- 已获取 20260211 的股票数据
20260227 18:36:33- INFO- 已获取 20260210 的股票数据
20260227 18:36:33- INFO- 已获取 20260212 的股票数据
20260227 18:36:36- INFO- 已获取 20260213 的股票数据
20260227 18:36:36- INFO- 已获取 20260224 的股票数据
20260227 18:36:36- INFO- 已获取 20260225 的股票数据
20260227 18:36:36- INFO- 已获取 20260226 的股票数据
20260227 18:36:36- INFO- 已获取 20260227 的股票数据
20260227 18:36:39- INFO- 已获取 20260227 的复权因子数据
20260227 18:36:40- INFO- 所有交易日复权因子数据获取完成，共合并5486条记录
20260227 18:36:41- INFO- 已获取 20260227 的每日基础指标数据
20260227 18:36:42- INFO- 所有交易日每日基础指标数据获取完成，共合并5471条记录
20260227 18:36:42- INFO- 将5191只股票分成52多线程批处理
20260227 18:37:14- INFO- SZSE.000711 无分钟数据，跳过
20260227 18:37:21- INFO- SZSE.002445 无分钟数据，跳过
20260227 18:37:26- INFO- SZSE.002231 无分钟数据，跳过
20260227 18:37:44- INFO- SZSE.001285 无分钟数据，跳过
20260227 18:38:02- INFO- SZSE.000793 无分钟数据，跳过
20260227 18:38:17- INFO- SZSE.300344 无分钟数据，跳过
20260227 18:42:10- INFO- SZSE.300391 无分钟数据，跳过
20260227 18:42:38- INFO- SHSE.600438 无分钟数据，跳过
20260227 18:42:41- INFO- SZSE.301057 无分钟数据，跳过
20260227 18:42:51- INFO- SZSE.301680 无分钟数据，跳过
20260227 18:43:07- INFO- SHSE.603056 无分钟数据，跳过
20260227 18:43:29- INFO- SHSE.600735 无分钟数据，跳过
20260227 18:46:49- INFO- SHSE.603966 无分钟数据，跳过
20260227 18:47:02- INFO- SHSE.603121 无分钟数据，跳过
20260227 18:47:08- INFO- SHSE.600673 无分钟数据，跳过
20260227 18:47:58- INFO- 所有批次处理完成，共合并93167条记录
20260302 22:14:30- INFO- 已获取 20260226 的股票数据
20260302 22:14:30- INFO- 已获取 20260212 的股票数据
20260302 22:14:30- INFO- 已获取 20260213 的股票数据
20260302 22:14:30- INFO- 已获取 20260224 的股票数据
20260302 22:14:30- INFO- 已获取 20260225 的股票数据
20260302 22:14:34- INFO- 已获取 20260302 的股票数据
20260302 22:14:34- INFO- 已获取 20260227 的股票数据
20260302 22:14:37- INFO- 已获取 20260302 的复权因子数据
20260302 22:14:38- INFO- 所有交易日复权因子数据获取完成，共合并5486条记录
20260302 22:14:39- INFO- 已获取 20260302 的每日基础指标数据
20260302 22:14:40- INFO- 所有交易日每日基础指标数据获取完成，共合并5470条记录
20260302 22:14:40- INFO- 将5191只股票分成52多线程批处理
20260302 22:14:42- INFO- SZSE.002512 无分钟数据，跳过
20260302 22:15:15- INFO- SZSE.000711 无分钟数据，跳过
20260302 22:15:18- INFO- SZSE.002231 无分钟数据，跳过
20260302 22:15:22- INFO- SZSE.002445 无分钟数据，跳过
20260302 22:15:33- INFO- SZSE.001285 无分钟数据，跳过
20260302 22:16:09- INFO- SZSE.300344 无分钟数据，跳过
20260302 22:19:58- INFO- SZSE.300391 无分钟数据，跳过
20260302 22:20:43- INFO- SHSE.600438 无分钟数据，跳过
20260302 22:20:45- INFO- SZSE.301680 无分钟数据，跳过
20260302 22:20:45- INFO- SZSE.301057 无分钟数据，跳过
20260302 22:20:58- INFO- SHSE.603056 无分钟数据，跳过
20260302 22:21:14- INFO- SHSE.600735 无分钟数据，跳过
20260302 22:24:41- INFO- SHSE.601555 无分钟数据，跳过
20260302 22:24:52- INFO- SHSE.603121 无分钟数据，跳过
20260302 22:24:58- INFO- SHSE.603966 无分钟数据，跳过
20260302 22:25:13- INFO- SHSE.600673 无分钟数据，跳过
20260302 22:25:51- INFO- 所有批次处理完成，共合并93149条记录
